> Task :app:checkKotlinGradlePluginConfigurationErrors
> Task :app:preBuild UP-TO-DATE
> Task :app:preDebugBuild UP-TO-DATE
> Task :app:generateDebugBuildConfig UP-TO-DATE
> Task :app:checkDebugAarMetadata UP-TO-DATE
> Task :app:processDebugNavigationResources UP-TO-DATE
> Task :app:compileDebugNavigationResources UP-TO-DATE
> Task :app:generateDebugResValues UP-TO-DATE
> Task :app:processDebugGoogleServices UP-TO-DATE
> Task :app:mapDebugSourceSetPaths UP-TO-DATE
> Task :app:generateDebugResources UP-TO-DATE
> Task :app:mergeDebugResources UP-TO-DATE
> Task :app:packageDebugResources UP-TO-DATE
> Task :app:parseDebugLocalResources UP-TO-DATE
> Task :app:createDebugCompatibleScreenManifests UP-TO-DATE
> Task :app:extractDeepLinksDebug UP-TO-DATE
> Task :app:processDebugMainManifest UP-TO-DATE
> Task :app:processDebugManifest UP-TO-DATE
> Task :app:processDebugManifestForPackage UP-TO-DATE
> Task :app:processDebugResources UP-TO-DATE
> Task :app:kspDebugKotlin UP-TO-DATE

> Task :app:compileDebugKotlin
e: file:///home/rensin/Projects/ReelWorthyTV/app/src/main/java/com/reelworthy/data/ChatRepository.kt:168:36 Unresolved reference: stream
e: file:///home/rensin/Projects/ReelWorthyTV/app/src/main/java/com/reelworthy/data/ChatRepository.kt:168:43 Overload resolution ambiguity: 
public inline fun <T> Iterable<TypeVariable(T)>.forEach(action: (TypeVariable(T)) -> Unit): Unit defined in kotlin.collections
public inline fun <K, V> Map<out TypeVariable(K), TypeVariable(V)>.forEach(action: (Map.Entry<TypeVariable(K), TypeVariable(V)>) -> Unit): Unit defined in kotlin.collections
e: file:///home/rensin/Projects/ReelWorthyTV/app/src/main/java/com/reelworthy/data/ChatRepository.kt:168:53 Cannot infer a type for this parameter. Please specify it explicitly.
e: file:///home/rensin/Projects/ReelWorthyTV/app/src/main/java/com/reelworthy/data/ChatRepository.kt:169:85 Overload resolution ambiguity: 
public inline fun <T> Iterable<TypeVariable(T)>.forEach(action: (TypeVariable(T)) -> Unit): Unit defined in kotlin.collections
public inline fun <K, V> Map<out TypeVariable(K), TypeVariable(V)>.forEach(action: (Map.Entry<TypeVariable(K), TypeVariable(V)>) -> Unit): Unit defined in kotlin.collections
e: file:///home/rensin/Projects/ReelWorthyTV/app/src/main/java/com/reelworthy/data/ChatRepository.kt:169:95 Cannot infer a type for this parameter. Please specify it explicitly.
e: file:///home/rensin/Projects/ReelWorthyTV/app/src/main/java/com/reelworthy/data/ChatRepository.kt:180:41 Suspension functions can be called only within coroutine body
e: file:///home/rensin/Projects/ReelWorthyTV/app/src/main/java/com/reelworthy/data/ChatRepository.kt:202:41 Suspension functions can be called only within coroutine body
e: file:///home/rensin/Projects/ReelWorthyTV/app/src/main/java/com/reelworthy/data/ChatRepository.kt:239:13 Operator '==' cannot be applied to 'Optional<Boolean!>!' and 'Boolean'
e: file:///home/rensin/Projects/ReelWorthyTV/app/src/main/java/com/reelworthy/data/ChatRepository.kt:239:18 Function invocation 'thought()' expected

> Task :app:compileDebugKotlin FAILED

[Incubating] Problems report is available at: file:///home/rensin/Projects/ReelWorthyTV/build/reports/problems/problems-report.html

FAILURE: Build failed with an exception.

* What went wrong:
Execution failed for task ':app:compileDebugKotlin'.
> A failure occurred while executing org.jetbrains.kotlin.compilerRunner.GradleCompilerRunnerWithWorkers$GradleKotlinCompilerWorkAction
   > Compilation error. See log for more details

* Try:
> Run with --stacktrace option to get the stack trace.
> Run with --info or --debug option to get more log output.
> Run with --scan to get full insights.
> Get more help at https://help.gradle.org.

Deprecated Gradle features were used in this build, making it incompatible with Gradle 9.0.

You can use '--warning-mode all' to show the individual deprecation warnings and determine if they come from your own scripts or plugins.

For more on this, please refer to https://docs.gradle.org/8.13/userguide/command_line_interface.html#sec:command_line_warnings in the Gradle documentation.

BUILD FAILED in 4s
20 actionable tasks: 2 executed, 18 up-to-date
